Using the selenium server at http://localhost:4444/wd/hub
[launcher] Running 1 instances of WebDriver
Started
[31mF[0m

Failures:
1) Angular End to End Testing Should have a Title
  Message:
[31m    Failed: Error while running testForAngular: javascript error: document unloaded while waiting for result
      (Session info: chrome=48.0.2564.116)
      (Driver info: chromedriver=2.21.371459 (36d3d07f660ff2bc1bf28a75d1cdabed0983e7c4),platform=Mac OS X 10.10.2 x86_64) (WARNING: The server did not provide any stacktrace information)
    Command duration or timeout: 3.10 seconds
    Build info: version: '2.52.0', revision: '4c2593c', time: '2016-02-11 19:06:42'
    System info: host: 'Joshs-MacBook-Pro.local', ip: '172.16.0.88', os.name: 'Mac OS X', os.arch: 'x86_64', os.version: '10.10.2', java.version: '1.8.0_77'
    Driver info: org.openqa.selenium.chrome.ChromeDriver
    Capabilities [{applicationCacheEnabled=false, rotatable=false, mobileEmulationEnabled=false, chrome={chromedriverVersion=2.21.371459 (36d3d07f660ff2bc1bf28a75d1cdabed0983e7c4), userDataDir=/var/folders/kd/zr_b0d451sv6t3grn4_qx29c0000gn/T/.org.chromium.Chromium.RiLLVW}, takesHeapSnapshot=true, databaseEnabled=false, handlesAlerts=true, hasTouchScreen=false, version=48.0.2564.116, platform=MAC, browserConnectionEnabled=false, nativeEvents=true, acceptSslCerts=true, locationContextEnabled=true, webStorageEnabled=true, browserName=chrome, takesScreenshot=true, javascriptEnabled=true, cssSelectorsEnabled=true}]
    Session ID: 6b3cd5629a9aa2de380126411833a969[0m
  Stack:
    Error: Failed: Error while running testForAngular: javascript error: document unloaded while waiting for result
      (Session info: chrome=48.0.2564.116)
      (Driver info: chromedriver=2.21.371459 (36d3d07f660ff2bc1bf28a75d1cdabed0983e7c4),platform=Mac OS X 10.10.2 x86_64) (WARNING: The server did not provide any stacktrace information)
    Command duration or timeout: 3.10 seconds
    Build info: version: '2.52.0', revision: '4c2593c', time: '2016-02-11 19:06:42'
    System info: host: 'Joshs-MacBook-Pro.local', ip: '172.16.0.88', os.name: 'Mac OS X', os.arch: 'x86_64', os.version: '10.10.2', java.version: '1.8.0_77'
    Driver info: org.openqa.selenium.chrome.ChromeDriver
    Capabilities [{applicationCacheEnabled=false, rotatable=false, mobileEmulationEnabled=false, chrome={chromedriverVersion=2.21.371459 (36d3d07f660ff2bc1bf28a75d1cdabed0983e7c4), userDataDir=/var/folders/kd/zr_b0d451sv6t3grn4_qx29c0000gn/T/.org.chromium.Chromium.RiLLVW}, takesHeapSnapshot=true, databaseEnabled=false, handlesAlerts=true, hasTouchScreen=false, version=48.0.2564.116, platform=MAC, browserConnectionEnabled=false, nativeEvents=true, acceptSslCerts=true, locationContextEnabled=true, webStorageEnabled=true, browserName=chrome, takesScreenshot=true, javascriptEnabled=true, cssSelectorsEnabled=true}]
    Session ID: 6b3cd5629a9aa2de380126411833a969
        at /Users/joshzylstra/.node/lib/node_modules/protractor/node_modules/jasminewd2/index.js:101:16
        at Promise.invokeCallback_ (/Users/joshzylstra/.node/lib/node_modules/protractor/node_modules/selenium-webdriver/lib/promise.js:1329:14)
        at TaskQueue.execute_ (/Users/joshzylstra/.node/lib/node_modules/protractor/node_modules/selenium-webdriver/lib/promise.js:2790:14)
        at TaskQueue.executeNext_ (/Users/joshzylstra/.node/lib/node_modules/protractor/node_modules/selenium-webdriver/lib/promise.js:2773:21)

1 spec, 1 failure
Finished in 4.016 seconds
[launcher] 0 instance(s) of WebDriver still running
[launcher] chrome #01 failed 1 test(s)
[launcher] overall: 1 failed spec(s)
[launcher] Process exited with error code 1
